<?xml version="1.0" encoding="UTF-8"?>
<robot generator="Robot 6.0.1 (Python 3.10.5 on win32)" generated="20221229 10:45:38.636" rpa="false" schemaversion="3">
<suite id="s1" name="Assignement" source="C:\Users\HP\VS CODE\Robotframework\assignement.robot">
<test id="s1-t1" name="flight" line="9">
<kw name="Open Browser" library="SeleniumLibrary">
<arg>${URL}</arg>
<arg>${browser}</arg>
<doc>Opens a new browser instance to the optional ``url``.</doc>
<msg timestamp="20221229 10:45:39.117" level="INFO">Opening browser 'chrome' to base url 'https://rahulshettyacademy.com/dropdownsPractise/'.</msg>
<status status="PASS" starttime="20221229 10:45:39.116" endtime="20221229 10:45:47.401"/>
</kw>
<kw name="Maximize Browser Window" library="SeleniumLibrary">
<doc>Maximizes current browser window.</doc>
<status status="PASS" starttime="20221229 10:45:47.402" endtime="20221229 10:45:47.577"/>
</kw>
<kw name="RHSACC">
<kw name="Click Element" library="SeleniumLibrary">
<arg>xpath://label[@for='ctl00_mainContent_rbtnl_Trip_1']</arg>
<doc>Click the element identified by ``locator``.</doc>
<msg timestamp="20221229 10:45:47.580" level="INFO">Clicking element 'xpath://label[@for='ctl00_mainContent_rbtnl_Trip_1']'.</msg>
<status status="PASS" starttime="20221229 10:45:47.579" endtime="20221229 10:45:47.935"/>
</kw>
<kw name="Sleep" library="BuiltIn">
<arg>3</arg>
<doc>Pauses the test executed for the given time.</doc>
<msg timestamp="20221229 10:45:50.939" level="INFO">Slept 3 seconds</msg>
<status status="PASS" starttime="20221229 10:45:47.936" endtime="20221229 10:45:50.939"/>
</kw>
<kw name="Click Element" library="SeleniumLibrary">
<arg>xpath://select[@id='ctl00_mainContent_DropDownListCurrency']</arg>
<doc>Click the element identified by ``locator``.</doc>
<msg timestamp="20221229 10:45:50.940" level="INFO">Clicking element 'xpath://select[@id='ctl00_mainContent_DropDownListCurrency']'.</msg>
<status status="PASS" starttime="20221229 10:45:50.939" endtime="20221229 10:45:51.056"/>
</kw>
<kw name="Sleep" library="BuiltIn">
<arg>3</arg>
<doc>Pauses the test executed for the given time.</doc>
<msg timestamp="20221229 10:45:54.069" level="INFO">Slept 3 seconds</msg>
<status status="PASS" starttime="20221229 10:45:51.057" endtime="20221229 10:45:54.071"/>
</kw>
<kw name="Select From List By Value" library="SeleniumLibrary">
<arg>xpath://select[@id='ctl00_mainContent_DropDownListCurrency']</arg>
<arg>USD</arg>
<doc>Selects options from selection list ``locator`` by ``values``.</doc>
<msg timestamp="20221229 10:45:54.073" level="INFO">Selecting options from selection list 'xpath://select[@id='ctl00_mainContent_DropDownListCurrency']' by value USD.</msg>
<status status="PASS" starttime="20221229 10:45:54.071" endtime="20221229 10:45:54.258"/>
</kw>
<kw name="Sleep" library="BuiltIn">
<arg>3</arg>
<doc>Pauses the test executed for the given time.</doc>
<msg timestamp="20221229 10:45:57.275" level="INFO">Slept 3 seconds</msg>
<status status="PASS" starttime="20221229 10:45:54.259" endtime="20221229 10:45:57.275"/>
</kw>
<kw name="Select Checkbox" library="SeleniumLibrary">
<arg>xpath://input[@id='ctl00_mainContent_chk_friendsandfamily']</arg>
<doc>Selects the checkbox identified by ``locator``.</doc>
<msg timestamp="20221229 10:45:57.277" level="INFO">Selecting checkbox 'xpath://input[@id='ctl00_mainContent_chk_friendsandfamily']'.</msg>
<status status="PASS" starttime="20221229 10:45:57.275" endtime="20221229 10:45:57.528"/>
</kw>
<kw name="Sleep" library="BuiltIn">
<arg>3</arg>
<doc>Pauses the test executed for the given time.</doc>
<msg timestamp="20221229 10:46:00.534" level="INFO">Slept 3 seconds</msg>
<status status="PASS" starttime="20221229 10:45:57.529" endtime="20221229 10:46:00.534"/>
</kw>
<kw name="Select Checkbox" library="SeleniumLibrary">
<arg>xpath://input[@id='ctl00_mainContent_chk_SeniorCitizenDiscount']</arg>
<doc>Selects the checkbox identified by ``locator``.</doc>
<msg timestamp="20221229 10:46:00.538" level="INFO">Selecting checkbox 'xpath://input[@id='ctl00_mainContent_chk_SeniorCitizenDiscount']'.</msg>
<status status="PASS" starttime="20221229 10:46:00.535" endtime="20221229 10:46:00.731"/>
</kw>
<kw name="Sleep" library="BuiltIn">
<arg>3</arg>
<doc>Pauses the test executed for the given time.</doc>
<msg timestamp="20221229 10:46:03.740" level="INFO">Slept 3 seconds</msg>
<status status="PASS" starttime="20221229 10:46:00.731" endtime="20221229 10:46:03.740"/>
</kw>
<kw name="Select Checkbox" library="SeleniumLibrary">
<arg>xpath://input[@id='ctl00_mainContent_chk_IndArm']</arg>
<doc>Selects the checkbox identified by ``locator``.</doc>
<msg timestamp="20221229 10:46:03.742" level="INFO">Selecting checkbox 'xpath://input[@id='ctl00_mainContent_chk_IndArm']'.</msg>
<status status="PASS" starttime="20221229 10:46:03.740" endtime="20221229 10:46:03.888"/>
</kw>
<kw name="Sleep" library="BuiltIn">
<arg>3</arg>
<doc>Pauses the test executed for the given time.</doc>
<msg timestamp="20221229 10:46:06.902" level="INFO">Slept 3 seconds</msg>
<status status="PASS" starttime="20221229 10:46:03.889" endtime="20221229 10:46:06.902"/>
</kw>
<kw name="Select Checkbox" library="SeleniumLibrary">
<arg>xpath://input[@id='ctl00_mainContent_chk_StudentDiscount']</arg>
<doc>Selects the checkbox identified by ``locator``.</doc>
<msg timestamp="20221229 10:46:06.903" level="INFO">Selecting checkbox 'xpath://input[@id='ctl00_mainContent_chk_StudentDiscount']'.</msg>
<status status="PASS" starttime="20221229 10:46:06.902" endtime="20221229 10:46:07.104"/>
</kw>
<kw name="Sleep" library="BuiltIn">
<arg>3</arg>
<doc>Pauses the test executed for the given time.</doc>
<msg timestamp="20221229 10:46:10.120" level="INFO">Slept 3 seconds</msg>
<status status="PASS" starttime="20221229 10:46:07.105" endtime="20221229 10:46:10.121"/>
</kw>
<kw name="Select Checkbox" library="SeleniumLibrary">
<arg>xpath://input[@id='ctl00_mainContent_chk_Unmr']</arg>
<doc>Selects the checkbox identified by ``locator``.</doc>
<msg timestamp="20221229 10:46:10.124" level="INFO">Selecting checkbox 'xpath://input[@id='ctl00_mainContent_chk_Unmr']'.</msg>
<status status="PASS" starttime="20221229 10:46:10.121" endtime="20221229 10:46:10.410"/>
</kw>
<kw name="Sleep" library="BuiltIn">
<arg>3</arg>
<doc>Pauses the test executed for the given time.</doc>
<msg timestamp="20221229 10:46:13.417" level="INFO">Slept 3 seconds</msg>
<status status="PASS" starttime="20221229 10:46:10.410" endtime="20221229 10:46:13.417"/>
</kw>
<status status="PASS" starttime="20221229 10:45:47.578" endtime="20221229 10:46:13.418"/>
</kw>
<status status="PASS" starttime="20221229 10:45:39.114" endtime="20221229 10:46:13.421"/>
</test>
<status status="PASS" starttime="20221229 10:45:38.639" endtime="20221229 10:46:13.441"/>
</suite>
<statistics>
<total>
<stat pass="1" fail="0" skip="0">All Tests</stat>
</total>
<tag>
</tag>
<suite>
<stat pass="1" fail="0" skip="0" id="s1" name="Assignement">Assignement</stat>
</suite>
</statistics>
<errors>
</errors>
</robot>
